TN:
SF:utils/dates.js
FN:8,formatDate
FN:20,getDateNDaysAgo
FNF:2
FNH:2
FNDA:19,formatDate
FNDA:9,getDateNDaysAgo
DA:9,19
DA:10,19
DA:11,19
DA:12,19
DA:21,9
DA:22,9
DA:23,9
DA:27,1
LF:8
LH:8
BRF:0
BRH:0
end_of_record
TN:
SF:utils/helpers.js
FN:9,isValidTicker
FN:23,parseTickerInput
FN:29,(anonymous_2)
FN:30,(anonymous_3)
FN:38,filterValidTickers
FN:60,checkTickerLimit
FN:74,removeDuplicateTickers
FN:75,(anonymous_7)
FN:95,validateStockData
FNF:9
FNH:9
FNDA:23,isValidTicker
FNDA:10,parseTickerInput
FNDA:20,(anonymous_2)
FNDA:20,(anonymous_3)
FNDA:4,filterValidTickers
FNDA:5,checkTickerLimit
FNDA:6,removeDuplicateTickers
FNDA:2,(anonymous_7)
FNDA:5,validateStockData
DA:10,23
DA:11,3
DA:13,20
DA:14,20
DA:24,10
DA:25,3
DA:27,7
DA:29,20
DA:30,20
DA:39,4
DA:40,4
DA:42,4
DA:43,9
DA:44,5
DA:46,4
DA:50,4
DA:61,5
DA:62,5
DA:63,5
DA:65,5
DA:75,6
DA:76,6
DA:77,6
DA:79,6
DA:80,9
DA:81,9
DA:82,5
DA:83,5
DA:87,6
DA:96,5
DA:97,2
DA:100,3
DA:101,2
DA:104,1
LF:34
LH:34
BRDA:10,0,0,3
BRDA:10,0,1,20
BRDA:10,1,0,23
BRDA:10,1,1,20
BRDA:24,2,0,3
BRDA:24,2,1,7
BRDA:24,3,0,10
BRDA:24,3,1,7
BRDA:43,4,0,5
BRDA:43,4,1,4
BRDA:60,5,0,1
BRDA:74,6,0,3
BRDA:81,7,0,5
BRDA:81,7,1,4
BRDA:81,8,0,9
BRDA:81,8,1,7
BRDA:96,9,0,2
BRDA:96,9,1,3
BRDA:100,10,0,2
BRDA:100,10,1,1
BRDA:100,11,0,3
BRDA:100,11,1,1
BRDA:100,11,2,1
BRF:23
BRH:23
end_of_record
